Jul 04 08:45 : exception: Failed to open '/home/aries/.mpd/mpdstate': No such file or directory
Jul 04 08:45 : update: added /Gawr Gura -Beggin'.mp3
Jul 04 08:45 : update: added /Viva La Vida - Sad Version.mp3
Jul 04 08:45 : update: added /Brent Morgan - Gonna Be Okay.mp3
Jul 04 08:45 : update: added /Music Travel Love ft. Francis Greg - I Want It That Way.mp3
Jul 04 08:45 : update: added /Music Travel Love - Every Breath You Take.mp3
Jul 04 08:45 : update: added /Music Travel Love -Hero.mp3
Jul 04 08:45 : update: added /Music Travel Love ft. Anthony Uy - How Deep Is Your Love.mp3
Jul 04 08:45 : update: added /Music Travel Love - Perfect.mp3
Jul 04 08:45 : update: added /Music Travel Love - When You Look Me In The Eyes.mp3
Jul 04 08:45 : update: added /Music Travel Love - More Than Words.mp3
Jul 04 08:45 : update: added /Music Travel Love ft. Francis Greg - It Will Rain.mp3
Jul 04 08:45 : update: added /Sugarcane - Gabi.mp3
Jul 04 08:45 : update: added /Sugarcane - Gunita.mp3
Jul 04 08:45 : update: added /Sugarcane - Kung Maging Akin Ka.mp3
Jul 04 08:45 : update: added /Music Travel Love ft. Felix Irwan - I Don't Want To Miss A Thing.mp3
Jul 04 08:45 : update: added /Sugarcane, Jc Herrero - Paruparo.mp3
Jul 04 08:45 : update: added /Music Travel Love - Heal The World.mp3
Jul 04 08:51 : player: played "Gawr Gura -Beggin'.mp3"
Jul 04 08:51 : exception: Bad playlist name
Jul 04 08:51 : update: updating /Sugarcane - Gunita.mp3
Jul 04 08:52 : update: removing Sugarcane - Gunita.mp3
Jul 04 08:52 : update: added /Gunita.mp3
Jul 04 08:53 : update: updating /Sugarcane - Gabi.mp3
Jul 04 08:53 : update: updating /Sugarcane - Kung Maging Akin Ka.mp3
Jul 04 08:54 : update: updating /Sugarcane, Jc Herrero - Paruparo.mp3
Jul 04 08:54 : player: played "Sugarcane, Jc Herrero - Paruparo.mp3"
Jul 04 08:55 : update: removing Sugarcane - Kung Maging Akin Ka.mp3
Jul 04 08:55 : update: removing Sugarcane - Gabi.mp3
Jul 04 08:55 : update: removing Sugarcane, Jc Herrero - Paruparo.mp3
Jul 04 08:55 : update: added /Paruparo.mp3
Jul 04 08:55 : update: added /Kung Maging Akin Ka.mp3
Jul 04 08:55 : update: added /Gabi.mp3
Jul 04 08:56 : update: updating /Brent Morgan - Gonna Be Okay.mp3
Jul 04 08:57 : update: removing Brent Morgan - Gonna Be Okay.mp3
Jul 04 08:57 : update: updating /Viva La Vida - Sad Version.mp3
Jul 04 08:57 : update: added /Gonna Be Okay.mp3
Jul 04 08:57 : update: updating /Gawr Gura -Beggin'.mp3
Jul 04 08:58 : update: updating /Music Travel Love - Every Breath You Take.mp3
Jul 04 08:58 : update: updating /Music Travel Love - Heal The World.mp3
Jul 04 08:58 : update: updating /Music Travel Love - More Than Words.mp3
Jul 04 08:58 : update: updating /Music Travel Love - Perfect.mp3
Jul 04 08:59 : update: updating /Music Travel Love - When You Look Me In The Eyes.mp3
Jul 04 08:59 : update: updating /Music Travel Love -Hero.mp3
Jul 04 08:59 : update: updating /Music Travel Love ft. Anthony Uy - How Deep Is Your Love.mp3
Jul 04 09:00 : update: updating /Music Travel Love ft. Felix Irwan - I Don't Want To Miss A Thing.mp3
Jul 04 09:00 : update: updating /Music Travel Love ft. Francis Greg - I Want It That Way.mp3
Jul 04 09:00 : update: updating /Music Travel Love ft. Francis Greg - It Will Rain.mp3
Jul 04 09:02 : update: removing Gawr Gura -Beggin'.mp3
Jul 04 09:02 : update: removing Music Travel Love ft. Anthony Uy - How Deep Is Your Love.mp3
Jul 04 09:02 : update: removing Music Travel Love -Hero.mp3
Jul 04 09:02 : update: removing Music Travel Love - When You Look Me In The Eyes.mp3
Jul 04 09:02 : update: removing Music Travel Love - Perfect.mp3
Jul 04 09:02 : update: removing Music Travel Love - More Than Words.mp3
Jul 04 09:02 : update: removing Music Travel Love - Heal The World.mp3
Jul 04 09:02 : update: removing Music Travel Love - Every Breath You Take.mp3
Jul 04 09:02 : update: removing Viva La Vida - Sad Version.mp3
Jul 04 09:02 : update: removing Music Travel Love ft. Francis Greg - It Will Rain.mp3
Jul 04 09:02 : update: removing Music Travel Love ft. Francis Greg - I Want It That Way.mp3
Jul 04 09:02 : update: removing Music Travel Love ft. Felix Irwan - I Don't Want To Miss A Thing.mp3
Jul 04 09:02 : update: added /Beggin'.mp3
Jul 04 09:02 : update: added /Every Breath You Take.mp3
Jul 04 09:02 : update: added /How Deep Is Your Love.mp3
Jul 04 09:02 : update: added /I Don't Want To Miss A Thing.mp3
Jul 04 09:02 : update: added /It Will Rain.mp3
Jul 04 09:02 : update: added /I Want It That Way.mp3
Jul 04 09:02 : update: added /Heal The World.mp3
Jul 04 09:02 : update: added /Hero.mp3
Jul 04 09:02 : update: added /More Than Words.mp3
Jul 04 09:02 : update: added /Perfect.mp3
Jul 04 09:02 : update: added /When You Look Me In The Eyes.mp3
Jul 04 09:02 : update: added /Viva La Vida.mp3
Jul 04 09:03 : player: played "Gabi.mp3"
Jul 04 09:05 : player: played "Gabi.mp3"
Jul 04 09:08 : player: played "Gabi.mp3"
Jul 04 09:09 : player: played "Gabi.mp3"
Jul 04 09:11 : player: played "Gabi.mp3"
Jul 04 09:12 : player: played "Gabi.mp3"
Jul 04 09:12 : player: played "Gabi.mp3"
Jul 04 09:13 : player: played "Beggin'.mp3"
Jul 04 09:17 : player: played "Every Breath You Take.mp3"
Jul 04 09:20 : player: played "Heal The World.mp3"
Jul 04 09:24 : player: played "Hero.mp3"
Jul 04 09:28 : player: played "More Than Words.mp3"
Jul 04 09:31 : player: played "It Will Rain.mp3"
Jul 04 09:31 : player: played "Kung Maging Akin Ka.mp3"
Jul 04 09:31 : player: played "Kung Maging Akin Ka.mp3"
Jul 04 09:36 : player: played "Gunita.mp3"
Jul 04 09:37 : player: played "Gunita.mp3"
Jul 04 09:44 : player: played "Gabi.mp3"
Jul 04 09:48 : player: played "Kung Maging Akin Ka.mp3"
Jul 04 09:50 : player: played "Paruparo.mp3"
Jul 04 09:50 : player: played "Paruparo.mp3"
Jul 04 09:54 : player: played "Viva La Vida.mp3"
Jul 04 09:55 : player: played "I Don't Want To Miss A Thing.mp3"
Jul 04 09:56 : update: added /Angels Like You.mp3
Jul 04 09:57 : update: updating /Angels Like You.mp3
Jul 04 09:57 : player: played "Angels Like You.mp3"
Jul 04 09:57 : player: played "Angels Like You.mp3"
Jul 04 09:59 : update: added /Shinunoga E-Wa.mp3
Jul 04 09:59 : update: updating /Shinunoga E-Wa.mp3
Jul 04 10:00 : update: removing Every Breath You Take.mp3
Jul 04 10:00 : update: removing How Deep Is Your Love.mp3
Jul 04 10:00 : update: removing Hero.mp3
Jul 04 10:00 : update: removing Heal The World.mp3
Jul 04 10:00 : update: removing Perfect.mp3
Jul 04 10:00 : update: removing More Than Words.mp3
Jul 04 10:00 : update: removing I Want It That Way.mp3
Jul 04 10:00 : update: removing When You Look Me In The Eyes.mp3
Jul 04 10:01 : update: added /I Like You So Much, You’ll Know It.mp3
Jul 04 10:02 : player: played "Shinunoga E-Wa.mp3"
Jul 04 10:02 : update: updating /I Like You So Much, You’ll Know It.mp3
Jul 04 10:05 : player: played "I Like You So Much, You’ll Know It.mp3"
Jul 04 10:07 : player: played "Shinunoga E-Wa.mp3"
Jul 04 10:13 : player: played "Shinunoga E-Wa.mp3"
Jul 04 10:18 : player: played "It Will Rain.mp3"
Jul 04 10:21 : player: played "Gonna Be Okay.mp3"
Jul 04 10:23 : player: played "Kung Maging Akin Ka.mp3"
Jul 04 10:27 : player: played "Angels Like You.mp3"
Jul 04 10:29 : player: played "It Will Rain.mp3"
Jul 04 10:29 : player: played "It Will Rain.mp3"
Jul 04 10:33 : player: played "Shinunoga E-Wa.mp3"
Jul 04 10:36 : player: played "I Like You So Much, You’ll Know It.mp3"
